d:\code\duilib\duilib\build\debug_x64_u\duilib.pch
d:\code\duilib\duilib\x64\unicodedebug\vc141.pdb
d:\code\duilib\duilib\x64\unicodedebug\stdafx.obj
d:\code\duilib\duilib\x64\unicodedebug\uibutton.obj
d:\code\duilib\duilib\x64\unicodedebug\uiactivex.obj
d:\code\duilib\duilib\x64\unicodedebug\uiverticallayout.obj
d:\code\duilib\duilib\x64\unicodedebug\uitilelayout.obj
d:\code\duilib\duilib\x64\unicodedebug\uitablayout.obj
d:\code\duilib\duilib\x64\unicodedebug\uihorizontallayout.obj
d:\code\duilib\duilib\x64\unicodedebug\uichildlayout.obj
d:\code\duilib\duilib\x64\unicodedebug\uirender.obj
d:\code\duilib\duilib\x64\unicodedebug\uimarkup.obj
d:\code\duilib\duilib\x64\unicodedebug\uimanager.obj
d:\code\duilib\duilib\x64\unicodedebug\uidlgbuilder.obj
d:\code\duilib\duilib\x64\unicodedebug\uicontrol.obj
d:\code\duilib\duilib\x64\unicodedebug\uicontainer.obj
d:\code\duilib\duilib\x64\unicodedebug\uibase.obj
d:\code\duilib\duilib\x64\unicodedebug\wndshadow.obj
d:\code\duilib\duilib\x64\unicodedebug\utils.obj
d:\code\duilib\duilib\x64\unicodedebug\uidelegate.obj
d:\code\duilib\duilib\x64\unicodedebug\winimplbase.obj
d:\code\duilib\duilib\x64\unicodedebug\uilib.obj
d:\code\duilib\duilib\x64\unicodedebug\uitreeview.obj
d:\code\duilib\duilib\x64\unicodedebug\uiwebbrowser.obj
d:\code\duilib\duilib\x64\unicodedebug\uitext.obj
d:\code\duilib\duilib\x64\unicodedebug\uislider.obj
d:\code\duilib\duilib\x64\unicodedebug\uiscrollbar.obj
d:\code\duilib\duilib\x64\unicodedebug\uirichedit.obj
d:\code\duilib\duilib\x64\unicodedebug\uiprogress.obj
d:\code\duilib\duilib\x64\unicodedebug\uioption.obj
d:\code\duilib\duilib\x64\unicodedebug\uilist.obj
d:\code\duilib\duilib\x64\unicodedebug\uilabel.obj
d:\code\duilib\duilib\x64\unicodedebug\uigifanim.obj
d:\code\duilib\duilib\x64\unicodedebug\uiedit.obj
d:\code\duilib\duilib\x64\unicodedebug\uidatetime.obj
d:\code\duilib\duilib\x64\unicodedebug\uicombo.obj
d:\code\duilib\duilib\x64\unicodedebug\uicheckbox.obj
d:\code\duilib\duilib\x64\unicodedebug\stb_image.obj
d:\code\duilib\duilib\x64\unicodedebug\xunzip.obj
d:\code\duilib\x64\unicodedebug\duilib.lib
d:\code\duilib\x64\unicodedebug\duilib.exp
d:\code\duilib\x64\unicodedebug\duilib_d.dll
d:\code\duilib\x64\unicodedebug\duilib.pdb
d:\code\duilib\duilib\x64\unicodedebug\duilib.tlog\cl.command.1.tlog
d:\code\duilib\duilib\x64\unicodedebug\duilib.tlog\cl.read.1.tlog
d:\code\duilib\duilib\x64\unicodedebug\duilib.tlog\cl.write.1.tlog
d:\code\duilib\duilib\x64\unicodedebug\duilib.tlog\duilib.write.1u.tlog
d:\code\duilib\duilib\x64\unicodedebug\duilib.tlog\link.command.1.tlog
d:\code\duilib\duilib\x64\unicodedebug\duilib.tlog\link.read.1.tlog
d:\code\duilib\duilib\x64\unicodedebug\duilib.tlog\link.write.1.tlog
