  StdAfx.cpp
d:\code\duilib\duilib\core\uimanager.h(45): warning C4091: “typedef ”: 没有声明变量时忽略“DuiLib::EVENTTYPE_UI”的左侧
  UITreeView.cpp
  UIlib.cpp
  WinImplBase.cpp
  UIDelegate.cpp
  Utils.cpp
  WndShadow.cpp
  UIBase.cpp
d:\code\duilib\duilib\core\uibase.cpp(295): warning C4244: “=”: 从“WPARAM”转换到“UINT”，可能丢失数据
d:\code\duilib\duilib\core\uibase.cpp(307): warning C4244: “参数”: 从“WPARAM”转换到“int”，可能丢失数据
  UIContainer.cpp
  UIControl.cpp
d:\code\duilib\duilib\core\uicontrol.cpp(832): warning C4302: “类型强制转换”: 从“LPWSTR”到“WORD”截断
  UIDlgBuilder.cpp
  UIManager.cpp
d:\code\duilib\duilib\core\uimanager.cpp(1045): warning C4838: 从“DWORD”转换到“LONG”需要收缩转换
d:\code\duilib\duilib\core\uimanager.cpp(1752): warning C4244: “return”: 从“WPARAM”转换到“int”，可能丢失数据
  UIMarkup.cpp
d:\code\duilib\duilib\core\uimarkup.cpp(209): warning C4244: “=”: 从“__int64”转换到“ULONG”，可能丢失数据
d:\code\duilib\duilib\core\uimarkup.cpp(214): warning C4244: “=”: 从“__int64”转换到“ULONG”，可能丢失数据
d:\code\duilib\duilib\core\uimarkup.cpp(489): warning C4244: “初始化”: 从“__int64”转换到“ULONG”，可能丢失数据
d:\code\duilib\duilib\core\uimarkup.cpp(490): warning C4244: “=”: 从“__int64”转换到“ULONG”，可能丢失数据
d:\code\duilib\duilib\core\uimarkup.cpp(506): warning C4244: “=”: 从“__int64”转换到“ULONG”，可能丢失数据
d:\code\duilib\duilib\core\uimarkup.cpp(514): warning C4244: “=”: 从“__int64”转换到“ULONG”，可能丢失数据
  UIRender.cpp
d:\code\duilib\duilib\core\uirender.cpp(1198): warning C4838: 从“int”转换到“COLOR16”需要收缩转换
d:\code\duilib\duilib\core\uirender.cpp(1387): warning C4311: “类型强制转换”: 从“LPVOID”到“int”的指针截断
d:\code\duilib\duilib\core\uirender.cpp(1387): warning C4302: “类型强制转换”: 从“LPVOID”到“int”截断
d:\code\duilib\duilib\core\uirender.cpp(1454): warning C4311: “类型强制转换”: 从“LPVOID”到“int”的指针截断
d:\code\duilib\duilib\core\uirender.cpp(1454): warning C4302: “类型强制转换”: 从“LPVOID”到“int”截断
d:\code\duilib\duilib\core\uirender.cpp(1488): warning C4312: “类型强制转换”: 从“DWORD”转换到更大的“LPVOID”
d:\code\duilib\duilib\core\uirender.cpp(1502): warning C4311: “类型强制转换”: 从“LPVOID”到“int”的指针截断
d:\code\duilib\duilib\core\uirender.cpp(1502): warning C4302: “类型强制转换”: 从“LPVOID”到“int”截断
d:\code\duilib\duilib\core\uirender.cpp(1523): warning C4311: “类型强制转换”: 从“LPVOID”到“int”的指针截断
d:\code\duilib\duilib\core\uirender.cpp(1523): warning C4302: “类型强制转换”: 从“LPVOID”到“int”截断
d:\code\duilib\duilib\core\uirender.cpp(1533): warning C4312: “类型强制转换”: 从“DWORD”转换到更大的“LPVOID”
d:\code\duilib\duilib\core\uirender.cpp(1588): warning C4311: “类型强制转换”: 从“LPVOID”到“int”的指针截断
d:\code\duilib\duilib\core\uirender.cpp(1588): warning C4302: “类型强制转换”: 从“LPVOID”到“int”截断
d:\code\duilib\duilib\core\uirender.cpp(1621): warning C4311: “类型强制转换”: 从“LPVOID”到“int”的指针截断
d:\code\duilib\duilib\core\uirender.cpp(1621): warning C4302: “类型强制转换”: 从“LPVOID”到“int”截断
d:\code\duilib\duilib\core\uirender.cpp(1689): warning C4311: “类型强制转换”: 从“LPVOID”到“UINT”的指针截断
d:\code\duilib\duilib\core\uirender.cpp(1689): warning C4302: “类型强制转换”: 从“LPVOID”到“UINT”截断
d:\code\duilib\duilib\core\uirender.cpp(1735): warning C4312: “类型强制转换”: 从“int”转换到更大的“LPVOID”
d:\code\duilib\duilib\core\uirender.cpp(1754): warning C4312: “类型强制转换”: 从“UINT”转换到更大的“LPVOID”
d:\code\duilib\duilib\core\uirender.cpp(1788): warning C4311: “类型强制转换”: 从“LPVOID”到“int”的指针截断
d:\code\duilib\duilib\core\uirender.cpp(1788): warning C4302: “类型强制转换”: 从“LPVOID”到“int”截断
d:\code\duilib\duilib\core\uirender.cpp(1825): warning C4311: “类型强制转换”: 从“LPVOID”到“int”的指针截断
d:\code\duilib\duilib\core\uirender.cpp(1825): warning C4302: “类型强制转换”: 从“LPVOID”到“int”截断
d:\code\duilib\duilib\core\uirender.cpp(1833): warning C4311: “类型强制转换”: 从“LPVOID”到“int”的指针截断
d:\code\duilib\duilib\core\uirender.cpp(1833): warning C4302: “类型强制转换”: 从“LPVOID”到“int”截断
d:\code\duilib\duilib\core\uirender.cpp(1857): warning C4311: “类型强制转换”: 从“LPVOID”到“int”的指针截断
d:\code\duilib\duilib\core\uirender.cpp(1857): warning C4302: “类型强制转换”: 从“LPVOID”到“int”截断
d:\code\duilib\duilib\core\uirender.cpp(1877): warning C4311: “类型强制转换”: 从“LPVOID”到“int”的指针截断
d:\code\duilib\duilib\core\uirender.cpp(1877): warning C4302: “类型强制转换”: 从“LPVOID”到“int”截断
d:\code\duilib\duilib\core\uirender.cpp(1890): warning C4311: “类型强制转换”: 从“LPVOID”到“UINT”的指针截断
d:\code\duilib\duilib\core\uirender.cpp(1890): warning C4302: “类型强制转换”: 从“LPVOID”到“UINT”截断
d:\code\duilib\duilib\core\uirender.cpp(1906): warning C4311: “类型强制转换”: 从“LPVOID”到“UINT”的指针截断
d:\code\duilib\duilib\core\uirender.cpp(1906): warning C4302: “类型强制转换”: 从“LPVOID”到“UINT”截断
d:\code\duilib\duilib\core\uirender.cpp(1924): warning C4311: “类型强制转换”: 从“LPVOID”到“UINT”的指针截断
d:\code\duilib\duilib\core\uirender.cpp(1924): warning C4302: “类型强制转换”: 从“LPVOID”到“UINT”截断
d:\code\duilib\duilib\core\uirender.cpp(2007): warning C4311: “类型强制转换”: 从“LPVOID”到“UINT”的指针截断
d:\code\duilib\duilib\core\uirender.cpp(2007): warning C4302: “类型强制转换”: 从“LPVOID”到“UINT”截断
d:\code\duilib\duilib\core\uirender.cpp(2043): warning C4311: “类型强制转换”: 从“LPVOID”到“int”的指针截断
d:\code\duilib\duilib\core\uirender.cpp(2043): warning C4302: “类型强制转换”: 从“LPVOID”到“int”截断
d:\code\duilib\duilib\core\uirender.cpp(2194): warning C4267: “参数”: 从“size_t”转换到“int”，可能丢失数据
  UIChildLayout.cpp
  UIHorizontalLayout.cpp
d:\code\duilib\duilib\layout\uihorizontallayout.cpp(313): warning C4302: “类型强制转换”: 从“LPWSTR”到“WORD”截断
  UITabLayout.cpp
  UITileLayout.cpp
  UIVerticalLayout.cpp
d:\code\duilib\duilib\layout\uiverticallayout.cpp(306): warning C4302: “类型强制转换”: 从“LPWSTR”到“WORD”截断
  UIActiveX.cpp
  UIButton.cpp
d:\code\duilib\duilib\control\uibutton.cpp(127): warning C4302: “类型强制转换”: 从“LPWSTR”到“WORD”截断
  正在生成代码...
  正在编译...
  UICheckBox.cpp
  UICombo.cpp
  UIDateTime.cpp
d:\code\duilib\duilib\control\uidatetime.cpp(297): warning C4302: “类型强制转换”: 从“LPWSTR”到“WORD”截断
  UIEdit.cpp
d:\code\duilib\duilib\control\uiedit.cpp(288): warning C4302: “类型强制转换”: 从“LPWSTR”到“WORD”截断
  UIGifAnim.cpp
d:\code\duilib\duilib\control\uigifanim.cpp(1): warning C4819: 该文件包含不能在当前代码页(936)中表示的字符。请将该文件保存为 Unicode 格式以防止数据丢失
  UILabel.cpp
d:\code\duilib\duilib\control\uilabel.cpp(438): warning C4267: “初始化”: 从“size_t”转换到“int”，可能丢失数据
  UIList.cpp
d:\code\duilib\duilib\control\uilist.cpp(1781): warning C4302: “类型强制转换”: 从“LPWSTR”到“WORD”截断
d:\code\duilib\duilib\control\uilist.cpp(2417): warning C4302: “类型强制转换”: 从“LPWSTR”到“WORD”截断
  UIOption.cpp
  UIProgress.cpp
  UIRichEdit.cpp
  UIScrollBar.cpp
  UISlider.cpp
d:\code\duilib\duilib\control\uislider.cpp(212): warning C4302: “类型强制转换”: 从“LPWSTR”到“WORD”截断
  UIText.cpp
d:\code\duilib\duilib\control\uitext.cpp(52): warning C4302: “类型强制转换”: 从“LPWSTR”到“WORD”截断
  UIWebBrowser.cpp
  正在生成代码...
  stb_image.c
  XUnzip.cpp
d:\code\duilib\duilib\utils\xunzip.cpp(3458): warning C4267: “初始化”: 从“size_t”转换到“int”，可能丢失数据
E:\VisualStudio2017\Common7\IDE\VC\VCTargets\Microsoft.CppBuild.targets(1216,5): warning MSB8012: TargetPath(D:\code\duilib\x64\UnicodeRelease\DuiLib.dll) 与 Linker 的 OutputFile 属性值(D:\code\duilib\bin\DuiLib_u.dll)不匹配。这可能导致项目生成不正确。若要更正此问题，请确保 $(OutDir)、$(TargetName) 和 $(TargetExt) 属性值与 %(Link.OutputFile) 中指定的值匹配。
E:\VisualStudio2017\Common7\IDE\VC\VCTargets\Microsoft.CppBuild.targets(1218,5): warning MSB8012: TargetName(DuiLib) 与 Linker 的 OutputFile 属性值(DuiLib_u)不匹配。这可能导致项目生成不正确。若要更正此问题，请确保 $(OutDir)、$(TargetName) 和 $(TargetExt) 属性值与 %(Link.OutputFile) 中指定的值匹配。
    正在创建库 ../Lib/DuiLib_u.lib 和对象 ../Lib/DuiLib_u.exp
LINK : warning LNK4281: x64 映像的基址 0x11000000 不适当；将基址设为 4 GB 以上以实现最佳 ASLR 优化
  DuiLib.vcxproj -> D:\code\duilib\x64\UnicodeRelease\DuiLib.dll
