E:\VisualStudio2017\Common7\IDE\VC\VCTargets\Microsoft.CppBuild.targets(376,5): warning MSB8004: Intermediate 目录未以斜杠结尾。  此生成实例将添加斜杠，因为必须有这个斜杠才能正确计算 Intermediate 目录。
  StdAfx.cpp
d:\code\duilib\duilib\core\uimanager.h(45): warning C4091: “typedef ”: 没有声明变量时忽略“DuiLib::EVENTTYPE_UI”的左侧
  UIlib.cpp
  WinImplBase.cpp
  UIDelegate.cpp
  Utils.cpp
  UIBase.cpp
  UIContainer.cpp
  UIControl.cpp
d:\code\duilib\duilib\core\uicontrol.cpp(832): warning C4302: “类型强制转换”: 从“LPWSTR”到“WORD”截断
  UIDlgBuilder.cpp
  UIManager.cpp
d:\code\duilib\duilib\core\uimanager.cpp(1045): warning C4838: 从“DWORD”转换到“LONG”需要收缩转换
  UIMarkup.cpp
  UIRender.cpp
d:\code\duilib\duilib\core\uirender.cpp(1198): warning C4838: 从“int”转换到“COLOR16”需要收缩转换
  UIChildLayout.cpp
  UIHorizontalLayout.cpp
d:\code\duilib\duilib\layout\uihorizontallayout.cpp(313): warning C4302: “类型强制转换”: 从“LPWSTR”到“WORD”截断
  UITabLayout.cpp
  UITileLayout.cpp
  UIVerticalLayout.cpp
d:\code\duilib\duilib\layout\uiverticallayout.cpp(306): warning C4302: “类型强制转换”: 从“LPWSTR”到“WORD”截断
  UIActiveX.cpp
  UIButton.cpp
d:\code\duilib\duilib\control\uibutton.cpp(127): warning C4302: “类型强制转换”: 从“LPWSTR”到“WORD”截断
  UICheckBox.cpp
  UICombo.cpp
  正在生成代码...
  正在编译...
  UIDateTime.cpp
d:\code\duilib\duilib\control\uidatetime.cpp(297): warning C4302: “类型强制转换”: 从“LPWSTR”到“WORD”截断
  UIEdit.cpp
d:\code\duilib\duilib\control\uiedit.cpp(288): warning C4302: “类型强制转换”: 从“LPWSTR”到“WORD”截断
  UIGifAnim.cpp
d:\code\duilib\duilib\control\uigifanim.cpp(1): warning C4819: 该文件包含不能在当前代码页(936)中表示的字符。请将该文件保存为 Unicode 格式以防止数据丢失
  UILabel.cpp
  UIList.cpp
d:\code\duilib\duilib\control\uilist.cpp(1781): warning C4302: “类型强制转换”: 从“LPWSTR”到“WORD”截断
d:\code\duilib\duilib\control\uilist.cpp(2417): warning C4302: “类型强制转换”: 从“LPWSTR”到“WORD”截断
  UIOption.cpp
  UIProgress.cpp
  UIRichEdit.cpp
  UIScrollBar.cpp
  UISlider.cpp
d:\code\duilib\duilib\control\uislider.cpp(212): warning C4302: “类型强制转换”: 从“LPWSTR”到“WORD”截断
  UIText.cpp
d:\code\duilib\duilib\control\uitext.cpp(52): warning C4302: “类型强制转换”: 从“LPWSTR”到“WORD”截断
  UITreeView.cpp
  UIWebBrowser.cpp
  正在生成代码...
  stb_image.c
  XUnzip.cpp
E:\VisualStudio2017\Common7\IDE\VC\VCTargets\Microsoft.CppBuild.targets(1397,5): warning MSB8012: TargetPath(D:\code\duilib\DuiLib\.\Build\Release_static_x86_u\DuiLib_Static.lib) 与 Library 的 OutputFile 属性值(D:\code\duilib\DuiLib\Build\Release_static_x86_u\duilib_static_x86.lib)不匹配。这可能导致项目生成不正确。若要更正此问题，请确保 $(OutDir)、$(TargetName) 和 $(TargetExt) 属性值与 %(Lib.OutputFile) 中指定的值匹配。
E:\VisualStudio2017\Common7\IDE\VC\VCTargets\Microsoft.CppBuild.targets(1399,5): warning MSB8012: TargetName(DuiLib_Static) 与 Library 的 OutputFile 属性值(duilib_static_x86)不匹配。这可能导致项目生成不正确。若要更正此问题，请确保 $(OutDir)、$(TargetName) 和 $(TargetExt) 属性值与 %(Lib.OutputFile) 中指定的值匹配。
  DuiLib_Static.vcxproj -> D:\code\duilib\DuiLib\.\Build\Release_static_x86_u\DuiLib_Static.lib
