d:\code\duilib\duilib\build\release_static_x86_u\duilib.pch
d:\code\duilib\duilib\build\release_static_x64_u\obj\duilib_static.pdb
d:\code\duilib\duilib\build\release_static_x64_u\obj\stdafx.obj
d:\code\duilib\duilib\build\release_static_x64_u\obj\uicombo.obj
d:\code\duilib\duilib\build\release_static_x64_u\obj\uicheckbox.obj
d:\code\duilib\duilib\build\release_static_x64_u\obj\uibutton.obj
d:\code\duilib\duilib\build\release_static_x64_u\obj\uiactivex.obj
d:\code\duilib\duilib\build\release_static_x64_u\obj\uiverticallayout.obj
d:\code\duilib\duilib\build\release_static_x64_u\obj\uitilelayout.obj
d:\code\duilib\duilib\build\release_static_x64_u\obj\uitablayout.obj
d:\code\duilib\duilib\build\release_static_x64_u\obj\uihorizontallayout.obj
d:\code\duilib\duilib\build\release_static_x64_u\obj\uichildlayout.obj
d:\code\duilib\duilib\build\release_static_x64_u\obj\uirender.obj
d:\code\duilib\duilib\build\release_static_x64_u\obj\uimarkup.obj
d:\code\duilib\duilib\build\release_static_x64_u\obj\uimanager.obj
d:\code\duilib\duilib\build\release_static_x64_u\obj\uidlgbuilder.obj
d:\code\duilib\duilib\build\release_static_x64_u\obj\uicontrol.obj
d:\code\duilib\duilib\build\release_static_x64_u\obj\uicontainer.obj
d:\code\duilib\duilib\build\release_static_x64_u\obj\uibase.obj
d:\code\duilib\duilib\build\release_static_x64_u\obj\utils.obj
d:\code\duilib\duilib\build\release_static_x64_u\obj\uidelegate.obj
d:\code\duilib\duilib\build\release_static_x64_u\obj\winimplbase.obj
d:\code\duilib\duilib\build\release_static_x64_u\obj\uilib.obj
d:\code\duilib\duilib\build\release_static_x64_u\obj\uiwebbrowser.obj
d:\code\duilib\duilib\build\release_static_x64_u\obj\uitreeview.obj
d:\code\duilib\duilib\build\release_static_x64_u\obj\uitext.obj
d:\code\duilib\duilib\build\release_static_x64_u\obj\uislider.obj
d:\code\duilib\duilib\build\release_static_x64_u\obj\uiscrollbar.obj
d:\code\duilib\duilib\build\release_static_x64_u\obj\uirichedit.obj
d:\code\duilib\duilib\build\release_static_x64_u\obj\uiprogress.obj
d:\code\duilib\duilib\build\release_static_x64_u\obj\uioption.obj
d:\code\duilib\duilib\build\release_static_x64_u\obj\uilist.obj
d:\code\duilib\duilib\build\release_static_x64_u\obj\uilabel.obj
d:\code\duilib\duilib\build\release_static_x64_u\obj\uigifanim.obj
d:\code\duilib\duilib\build\release_static_x64_u\obj\uiedit.obj
d:\code\duilib\duilib\build\release_static_x64_u\obj\uidatetime.obj
d:\code\duilib\duilib\build\release_static_x64_u\obj\stb_image.obj
d:\code\duilib\duilib\build\release_static_x64_u\obj\xunzip.obj
d:\code\duilib\duilib\build\release_static_x64_u\duilib_static_x64.lib
d:\code\duilib\duilib\build\release_static_x64_u\obj\duilib_static.tlog\cl.command.1.tlog
d:\code\duilib\duilib\build\release_static_x64_u\obj\duilib_static.tlog\cl.read.1.tlog
d:\code\duilib\duilib\build\release_static_x64_u\obj\duilib_static.tlog\cl.write.1.tlog
d:\code\duilib\duilib\build\release_static_x64_u\obj\duilib_static.tlog\lib-link.read.1.tlog
d:\code\duilib\duilib\build\release_static_x64_u\obj\duilib_static.tlog\lib-link.write.1.tlog
d:\code\duilib\duilib\build\release_static_x64_u\obj\duilib_static.tlog\lib.command.1.tlog
