E:\VisualStudio2017\Common7\IDE\VC\VCTargets\Microsoft.CppBuild.targets(376,5): warning MSB8004: Intermediate 目录未以斜杠结尾。  此生成实例将添加斜杠，因为必须有这个斜杠才能正确计算 Intermediate 目录。
cl : 命令行 warning D9035: “Gm”选项已否决，并将在将来的版本中移除
  StdAfx.cpp
d:\code\duilib\duilib\core\uimanager.h(45): warning C4091: “typedef ”: 没有声明变量时忽略“DuiLib::EVENTTYPE_UI”的左侧
cl : 命令行 warning D9035: “Gm”选项已否决，并将在将来的版本中移除
  UIWebBrowser.cpp
  UIText.cpp
d:\code\duilib\duilib\control\uitext.cpp(52): warning C4302: “类型强制转换”: 从“LPWSTR”到“WORD”截断
  UISlider.cpp
d:\code\duilib\duilib\control\uislider.cpp(212): warning C4302: “类型强制转换”: 从“LPWSTR”到“WORD”截断
  UIScrollBar.cpp
  UIRichEdit.cpp
  UIProgress.cpp
  UIOption.cpp
  UIList.cpp
d:\code\duilib\duilib\control\uilist.cpp(1781): warning C4302: “类型强制转换”: 从“LPWSTR”到“WORD”截断
d:\code\duilib\duilib\control\uilist.cpp(2417): warning C4302: “类型强制转换”: 从“LPWSTR”到“WORD”截断
  UILabel.cpp
  UIGifAnim.cpp
d:\code\duilib\duilib\control\uigifanim.cpp(1): warning C4819: 该文件包含不能在当前代码页(936)中表示的字符。请将该文件保存为 Unicode 格式以防止数据丢失
  UIEdit.cpp
d:\code\duilib\duilib\control\uiedit.cpp(288): warning C4302: “类型强制转换”: 从“LPWSTR”到“WORD”截断
  UIDateTime.cpp
d:\code\duilib\duilib\control\uidatetime.cpp(297): warning C4302: “类型强制转换”: 从“LPWSTR”到“WORD”截断
  UICombo.cpp
  UICheckBox.cpp
  UIButton.cpp
d:\code\duilib\duilib\control\uibutton.cpp(127): warning C4302: “类型强制转换”: 从“LPWSTR”到“WORD”截断
  UIActiveX.cpp
  UIVerticalLayout.cpp
d:\code\duilib\duilib\layout\uiverticallayout.cpp(306): warning C4302: “类型强制转换”: 从“LPWSTR”到“WORD”截断
  UITileLayout.cpp
  UITabLayout.cpp
  UIHorizontalLayout.cpp
d:\code\duilib\duilib\layout\uihorizontallayout.cpp(313): warning C4302: “类型强制转换”: 从“LPWSTR”到“WORD”截断
  正在生成代码...
  正在编译...
  UIChildLayout.cpp
  UIRender.cpp
d:\code\duilib\duilib\core\uirender.cpp(1198): warning C4838: 从“int”转换到“COLOR16”需要收缩转换
  UIMarkup.cpp
  UIManager.cpp
d:\code\duilib\duilib\core\uimanager.cpp(1045): warning C4838: 从“DWORD”转换到“LONG”需要收缩转换
  UIDlgBuilder.cpp
  UIControl.cpp
d:\code\duilib\duilib\core\uicontrol.cpp(832): warning C4302: “类型强制转换”: 从“LPWSTR”到“WORD”截断
  UIContainer.cpp
  UIBase.cpp
  WndShadow.cpp
  Utils.cpp
  UIDelegate.cpp
  WinImplBase.cpp
  UIlib.cpp
  UITreeView.cpp
  正在生成代码...
cl : 命令行 warning D9035: “Gm”选项已否决，并将在将来的版本中移除
  stb_image.c
cl : 命令行 warning D9035: “Gm”选项已否决，并将在将来的版本中移除
  XUnzip.cpp
E:\VisualStudio2017\Common7\IDE\VC\VCTargets\Microsoft.CppBuild.targets(1216,5): warning MSB8012: TargetPath(D:\code\duilib\DuiLib\.\Build\Debug_x86_u\DuiLib.dll) 与 Linker 的 OutputFile 属性值(D:\code\duilib\DuiLib\Build\Debug_x86_u\duilib_x86_d.dll)不匹配。这可能导致项目生成不正确。若要更正此问题，请确保 $(OutDir)、$(TargetName) 和 $(TargetExt) 属性值与 %(Link.OutputFile) 中指定的值匹配。
E:\VisualStudio2017\Common7\IDE\VC\VCTargets\Microsoft.CppBuild.targets(1218,5): warning MSB8012: TargetName(DuiLib) 与 Linker 的 OutputFile 属性值(duilib_x86_d)不匹配。这可能导致项目生成不正确。若要更正此问题，请确保 $(OutDir)、$(TargetName) 和 $(TargetExt) 属性值与 %(Link.OutputFile) 中指定的值匹配。
    正在创建库 .\Build\Debug_x86_u\duilib_x86_d.lib 和对象 .\Build\Debug_x86_u\duilib_x86_d.exp
  DuiLib.vcxproj -> D:\code\duilib\DuiLib\.\Build\Debug_x86_u\DuiLib.dll
